




2023-04-02T23:04:02Z Bitcoin Core version v24.0.1 (release build)
2023-04-02T23:04:02Z Using the 'arm_shani(1way,2way)' SHA256 implementation
2023-04-02T23:04:02Z Default data directory /Users/matthiasdebernardini/Library/Application Support/Bitcoin
2023-04-02T23:04:02Z Using data directory /Users/matthiasdebernardini/Documents/gits/payjoin-pyoxide/bitcoinNode1
2023-04-02T23:04:02Z Config file: /Users/matthiasdebernardini/Documents/gits/payjoin-pyoxide/bitcoinNode1/bitcoin.conf
2023-04-02T23:04:02Z Config file arg: rpcpassword=****
2023-04-02T23:04:02Z Config file arg: rpcuser=****
2023-04-02T23:04:02Z Config file arg: server="1"
2023-04-02T23:04:02Z Command-line arg: conf="/Users/matthiasdebernardini/Documents/gits/payjoin-pyoxide/bitcoinNode1/bitcoin.conf"
2023-04-02T23:04:02Z Command-line arg: daemon=""
2023-04-02T23:04:02Z Command-line arg: datadir="/Users/matthiasdebernardini/Documents/gits/payjoin-pyoxide/bitcoinNode1"
2023-04-02T23:04:02Z Command-line arg: port="19000"
2023-04-02T23:04:02Z Command-line arg: rpcport="19001"
2023-04-02T23:04:02Z Using at most 125 automatic connections (285 file descriptors available)
2023-04-02T23:04:02Z Using 16 MiB out of 16 MiB requested for signature cache, able to store 524288 elements
2023-04-02T23:04:02Z Using 16 MiB out of 16 MiB requested for script execution cache, able to store 524288 elements
2023-04-02T23:04:02Z Script verification uses 7 additional threads
2023-04-02T23:04:02Z scheduler thread start
2023-04-02T23:04:02Z [http] creating work queue of depth 16
2023-04-02T23:04:02Z Config options rpcuser and rpcpassword will soon be deprecated. Locally-run instances may remove rpcuser to use cookie-based auth, or may be replaced with rpcauth. Please see share/rpcauth for rpcauth auth generation.
2023-04-02T23:04:02Z [http] starting 4 worker threads
2023-04-02T23:04:02Z Using wallet directory /Users/matthiasdebernardini/Documents/gits/payjoin-pyoxide/bitcoinNode1
2023-04-02T23:04:02Z init message: Verifying wallet(s)…
2023-04-02T23:04:02Z Using /16 prefix for IP bucketing
2023-04-02T23:04:02Z init message: Loading P2P addresses…
2023-04-02T23:04:02Z Creating peers.dat because the file was not found ("/Users/matthiasdebernardini/Documents/gits/payjoin-pyoxide/bitcoinNode1/peers.dat")
2023-04-02T23:04:02Z init message: Loading banlist…
2023-04-02T23:04:02Z Recreating the banlist database
2023-04-02T23:04:02Z SetNetworkActive: true
2023-04-02T23:04:02Z Failed to read fee estimates from /Users/matthiasdebernardini/Documents/gits/payjoin-pyoxide/bitcoinNode1/fee_estimates.dat. Continue anyway.
2023-04-02T23:04:02Z Cache configuration:
2023-04-02T23:04:02Z * Using 2.0 MiB for block index database
2023-04-02T23:04:02Z * Using 8.0 MiB for chain state database
2023-04-02T23:04:02Z * Using 440.0 MiB for in-memory UTXO set (plus up to 286.1 MiB of unused mempool space)
2023-04-02T23:04:02Z init message: Loading block index…
2023-04-02T23:04:02Z Assuming ancestors of block 00000000000000000009c97098b5295f7e5f183ac811fb5d1534040adb93cabd have valid signatures.
2023-04-02T23:04:02Z Setting nMinimumChainWork=00000000000000000000000000000000000000003404ba0801921119f903495e
2023-04-02T23:04:02Z Switching active chainstate to Chainstate [ibd] @ height -1 (null)
2023-04-02T23:04:02Z Opening LevelDB in /Users/matthiasdebernardini/Documents/gits/payjoin-pyoxide/bitcoinNode1/blocks/index
2023-04-02T23:04:02Z Opened LevelDB successfully
2023-04-02T23:04:02Z Using obfuscation key for /Users/matthiasdebernardini/Documents/gits/payjoin-pyoxide/bitcoinNode1/blocks/index: 0000000000000000
2023-04-02T23:04:02Z LoadBlockIndexDB: last block file = 0
2023-04-02T23:04:02Z LoadBlockIndexDB: last block file info: CBlockFileInfo(blocks=0, size=0, heights=0...0, time=1970-01-01...1970-01-01)
2023-04-02T23:04:02Z Checking all blk files are present...
2023-04-02T23:04:02Z Initializing databases...
2023-04-02T23:04:02Z Opening LevelDB in /Users/matthiasdebernardini/Documents/gits/payjoin-pyoxide/bitcoinNode1/chainstate
2023-04-02T23:04:02Z Opened LevelDB successfully
2023-04-02T23:04:02Z Wrote new obfuscate key for /Users/matthiasdebernardini/Documents/gits/payjoin-pyoxide/bitcoinNode1/chainstate: 788707ffa729070f
2023-04-02T23:04:02Z Using obfuscation key for /Users/matthiasdebernardini/Documents/gits/payjoin-pyoxide/bitcoinNode1/chainstate: 788707ffa729070f
2023-04-02T23:04:02Z init message: Verifying blocks…
2023-04-02T23:04:02Z  block index              59ms
2023-04-02T23:04:02Z Setting NODE_NETWORK on non-prune mode
2023-04-02T23:04:02Z loadblk thread start
2023-04-02T23:04:02Z UpdateTip: new best=000000000019d6689c085ae165831e934ff763ae46a2a6c172b3f1b60a8ce26f height=0 version=0x00000001 log2_work=32.000022 tx=1 date='2009-01-03T18:15:05Z' progress=0.000000 cache=0.0MiB(0txo)
2023-04-02T23:04:02Z Failed to open mempool file from disk. Continuing anyway.
2023-04-02T23:04:02Z loadblk thread exit
2023-04-02T23:04:02Z block tree size = 1
2023-04-02T23:04:02Z nBestHeight = 0
2023-04-02T23:04:02Z torcontrol thread start
2023-04-02T23:04:02Z Bound to 127.0.0.1:8334
2023-04-02T23:04:02Z Bound to [::]:19000
2023-04-02T23:04:02Z Bound to 0.0.0.0:19000
2023-04-02T23:04:02Z 0 block-relay-only anchors will be tried for connections.
2023-04-02T23:04:02Z init message: Starting network threads…
2023-04-02T23:04:02Z net thread start
2023-04-02T23:04:02Z dnsseed thread start
2023-04-02T23:04:02Z Loading addresses from DNS seed dnsseed.bitcoin.dashjr.org.
2023-04-02T23:04:02Z addcon thread start
2023-04-02T23:04:02Z opencon thread start
2023-04-02T23:04:02Z init message: Done loading
2023-04-02T23:04:02Z msghand thread start
2023-04-02T23:04:02Z Loading addresses from DNS seed seed.bitcoin.jonasschnelli.ch.
2023-04-02T23:04:02Z Loading addresses from DNS seed seed.bitcoin.sipa.be.
2023-04-02T23:04:03Z New outbound peer connected: version: 70016, blocks=783679, peer=0 (outbound-full-relay)
2023-04-02T23:04:03Z Loading addresses from DNS seed dnsseed.bluematt.me.
2023-04-02T23:04:03Z Loading addresses from DNS seed dnsseed.emzy.de.
2023-04-02T23:04:03Z Pre-synchronizing blockheaders, height: 2000 (~0.27%)
2023-04-02T23:04:03Z Loading addresses from DNS seed seed.btc.petertodd.org.
2023-04-02T23:04:03Z Loading addresses from DNS seed seed.bitcoin.sprovoost.nl.
2023-04-02T23:04:03Z Pre-synchronizing blockheaders, height: 6000 (~0.80%)
2023-04-02T23:04:04Z Pre-synchronizing blockheaders, height: 10000 (~1.34%)
2023-04-02T23:04:04Z Loading addresses from DNS seed seed.bitcoinstats.com.
2023-04-02T23:04:04Z Loading addresses from DNS seed seed.bitcoin.wiz.biz.
2023-04-02T23:04:04Z New outbound peer connected: version: 70016, blocks=783679, peer=1 (outbound-full-relay)
2023-04-02T23:04:04Z Pre-synchronizing blockheaders, height: 14000 (~1.88%)
2023-04-02T23:04:04Z Pre-synchronizing blockheaders, height: 18000 (~2.42%)
2023-04-02T23:04:04Z New outbound peer connected: version: 70016, blocks=783679, peer=2 (outbound-full-relay)
2023-04-02T23:04:05Z Pre-synchronizing blockheaders, height: 22000 (~2.99%)
2023-04-02T23:04:05Z Pre-synchronizing blockheaders, height: 26000 (~3.55%)
2023-04-02T23:04:05Z Pre-synchronizing blockheaders, height: 30000 (~4.11%)
2023-04-02T23:04:05Z Pre-synchronizing blockheaders, height: 34000 (~4.66%)
2023-04-02T23:04:06Z 209 addresses found from DNS seeds
2023-04-02T23:04:06Z dnsseed thread exit
2023-04-02T23:04:06Z Pre-synchronizing blockheaders, height: 38000 (~5.20%)
2023-04-02T23:04:06Z Pre-synchronizing blockheaders, height: 42000 (~5.74%)
2023-04-02T23:04:06Z New outbound peer connected: version: 70016, blocks=783679, peer=3 (outbound-full-relay)
2023-04-02T23:04:06Z Pre-synchronizing blockheaders, height: 46000 (~6.29%)
2023-04-02T23:04:07Z Pre-synchronizing blockheaders, height: 50000 (~6.83%)
2023-04-02T23:04:07Z New outbound peer connected: version: 70016, blocks=783679, peer=4 (outbound-full-relay)
2023-04-02T23:04:07Z Pre-synchronizing blockheaders, height: 54000 (~7.36%)
2023-04-02T23:04:07Z Pre-synchronizing blockheaders, height: 58000 (~7.90%)
2023-04-02T23:04:07Z New outbound peer connected: version: 70016, blocks=783679, peer=5 (outbound-full-relay)
2023-04-02T23:04:07Z Pre-synchronizing blockheaders, height: 62000 (~8.44%)
2023-04-02T23:04:08Z Pre-synchronizing blockheaders, height: 66000 (~8.98%)
2023-04-02T23:04:08Z New outbound peer connected: version: 70016, blocks=0, peer=6 (outbound-full-relay)
2023-04-02T23:04:08Z Pre-synchronizing blockheaders, height: 70000 (~9.49%)
2023-04-02T23:04:08Z Pre-synchronizing blockheaders, height: 74000 (~10.02%)
2023-04-02T23:04:09Z Pre-synchronizing blockheaders, height: 78000 (~10.55%)
2023-04-02T23:04:09Z Pre-synchronizing blockheaders, height: 82000 (~11.08%)
2023-04-02T23:04:09Z Pre-synchronizing blockheaders, height: 86000 (~11.60%)
2023-04-02T23:04:10Z Pre-synchronizing blockheaders, height: 90000 (~12.12%)
2023-04-02T23:04:10Z Pre-synchronizing blockheaders, height: 94000 (~12.64%)
2023-04-02T23:04:10Z Pre-synchronizing blockheaders, height: 98000 (~13.16%)
2023-04-02T23:04:10Z Pre-synchronizing blockheaders, height: 102000 (~13.69%)
2023-04-02T23:04:11Z Pre-synchronizing blockheaders, height: 106000 (~14.22%)
2023-04-02T23:04:11Z Pre-synchronizing blockheaders, height: 110000 (~14.73%)
2023-04-02T23:04:11Z Pre-synchronizing blockheaders, height: 114000 (~15.25%)
2023-04-02T23:04:12Z Pre-synchronizing blockheaders, height: 118000 (~15.78%)
2023-04-02T23:04:12Z Pre-synchronizing blockheaders, height: 122000 (~16.30%)
2023-04-02T23:04:12Z Pre-synchronizing blockheaders, height: 126000 (~16.80%)
2023-04-02T23:04:12Z Pre-synchronizing blockheaders, height: 130000 (~17.31%)
2023-04-02T23:04:13Z Pre-synchronizing blockheaders, height: 134000 (~17.81%)
2023-04-02T23:04:13Z Pre-synchronizing blockheaders, height: 138000 (~18.33%)
2023-04-02T23:04:13Z New outbound peer connected: version: 70016, blocks=783679, peer=8 (outbound-full-relay)
2023-04-02T23:04:13Z Pre-synchronizing blockheaders, height: 142000 (~18.86%)
2023-04-02T23:04:14Z Pre-synchronizing blockheaders, height: 146000 (~19.40%)
2023-04-02T23:04:14Z Pre-synchronizing blockheaders, height: 150000 (~19.94%)
2023-04-02T23:04:14Z Pre-synchronizing blockheaders, height: 154000 (~20.48%)
2023-04-02T23:04:14Z Pre-synchronizing blockheaders, height: 158000 (~21.02%)
2023-04-02T23:04:15Z Pre-synchronizing blockheaders, height: 162000 (~21.54%)
2023-04-02T23:04:15Z Pre-synchronizing blockheaders, height: 166000 (~22.07%)
2023-04-02T23:04:15Z Pre-synchronizing blockheaders, height: 170000 (~22.60%)
